{"/srv/www/user-api-fahrlaender/db.js": {"path":"/srv/www/user-api-fahrlaender/db.js","statementMap":{"0":{"start":{"line":4,"column":13},"end":{"line":11,"column":2}},"1":{"start":{"line":26,"column":2},"end":{"line":33,"column":3}},"2":{"start":{"line":27,"column":25},"end":{"line":27,"column":51}},"3":{"start":{"line":28,"column":6},"end":{"line":28,"column":61}},"4":{"start":{"line":29,"column":6},"end":{"line":29,"column":24}},"5":{"start":{"line":31,"column":6},"end":{"line":31,"column":71}},"6":{"start":{"line":32,"column":6},"end":{"line":32,"column":18}}},"fnMap":{"0":{"name":"getDatabaseConnection","decl":{"start":{"line":25,"column":30},"end":{"line":25,"column":51}},"loc":{"start":{"line":25,"column":55},"end":{"line":34,"column":1}},"line":25}},"branchMap":{},"s":{"0":1,"1":0,"2":0,"3":0,"4":0,"5":0,"6":0},"f":{"0":0},"b":{},"inputSourceMap":null,"_coverageSchema":"1a1c01bbd47fc00a2c39e90264f33305004495a9","hash":"733370ff0b3a5df120f9a60085a59adbec4ef0d2"}
,"/srv/www/user-api-fahrlaender/index.js": {"path":"/srv/www/user-api-fahrlaender/index.js","statementMap":{"0":{"start":{"line":14,"column":0},"end":{"line":14,"column":60}},"1":{"start":{"line":14,"column":39},"end":{"line":14,"column":59}},"2":{"start":{"line":16,"column":19},"end":{"line":16,"column":28}},"3":{"start":{"line":17,"column":0},"end":{"line":17,"column":24}},"4":{"start":{"line":19,"column":0},"end":{"line":19,"column":69}},"5":{"start":{"line":20,"column":0},"end":{"line":24,"column":4}},"6":{"start":{"line":26,"column":0},"end":{"line":28,"column":2}},"7":{"start":{"line":27,"column":4},"end":{"line":27,"column":47}},"8":{"start":{"line":30,"column":0},"end":{"line":30,"column":35}},"9":{"start":{"line":31,"column":0},"end":{"line":31,"column":41}},"10":{"start":{"line":32,"column":0},"end":{"line":32,"column":39}},"11":{"start":{"line":33,"column":0},"end":{"line":33,"column":42}}},"fnMap":{"0":{"name":"(anonymous_0)","decl":{"start":{"line":14,"column":26},"end":{"line":14,"column":27}},"loc":{"start":{"line":14,"column":37},"end":{"line":14,"column":60}},"line":14},"1":{"name":"(anonymous_1)","decl":{"start":{"line":26,"column":13},"end":{"line":26,"column":14}},"loc":{"start":{"line":26,"column":27},"end":{"line":28,"column":1}},"line":26}},"branchMap":{"0":{"loc":{"start":{"line":19,"column":34},"end":{"line":19,"column":67}},"type":"binary-expr","locations":[{"start":{"line":19,"column":34},"end":{"line":19,"column":61}},{"start":{"line":19,"column":65},"end":{"line":19,"column":67}}],"line":19},"1":{"loc":{"start":{"line":21,"column":12},"end":{"line":21,"column":45}},"type":"binary-expr","locations":[{"start":{"line":21,"column":12},"end":{"line":21,"column":39}},{"start":{"line":21,"column":43},"end":{"line":21,"column":45}}],"line":21}},"s":{"0":1,"1":0,"2":1,"3":1,"4":1,"5":1,"6":1,"7":1,"8":1,"9":1,"10":1,"11":1},"f":{"0":0,"1":1},"b":{"0":[1,0],"1":[1,0]},"inputSourceMap":null,"_coverageSchema":"1a1c01bbd47fc00a2c39e90264f33305004495a9","hash":"bf8b825dcdad330baad84371617ea2f022920a1b"}
,"/srv/www/user-api-fahrlaender/middleware/auth.js": {"path":"/srv/www/user-api-fahrlaender/middleware/auth.js","statementMap":{"0":{"start":{"line":6,"column":23},"end":{"line":20,"column":1}},"1":{"start":{"line":7,"column":18},"end":{"line":7,"column":58}},"2":{"start":{"line":8,"column":4},"end":{"line":8,"column":23}},"3":{"start":{"line":9,"column":4},"end":{"line":11,"column":5}},"4":{"start":{"line":10,"column":8},"end":{"line":10,"column":68}},"5":{"start":{"line":12,"column":4},"end":{"line":19,"column":5}},"6":{"start":{"line":13,"column":24},"end":{"line":13,"column":69}},"7":{"start":{"line":14,"column":8},"end":{"line":14,"column":27}},"8":{"start":{"line":15,"column":8},"end":{"line":15,"column":15}},"9":{"start":{"line":17,"column":8},"end":{"line":17,"column":27}},"10":{"start":{"line":18,"column":8},"end":{"line":18,"column":58}}},"fnMap":{"0":{"name":"(anonymous_0)","decl":{"start":{"line":6,"column":23},"end":{"line":6,"column":24}},"loc":{"start":{"line":6,"column":49},"end":{"line":20,"column":1}},"line":6}},"branchMap":{"0":{"loc":{"start":{"line":9,"column":4},"end":{"line":11,"column":5}},"type":"if","locations":[{"start":{"line":9,"column":4},"end":{"line":11,"column":5}},{"start":{},"end":{}}],"line":9}},"s":{"0":1,"1":0,"2":0,"3":0,"4":0,"5":0,"6":0,"7":0,"8":0,"9":0,"10":0},"f":{"0":0},"b":{"0":[0,0]},"inputSourceMap":null,"_coverageSchema":"1a1c01bbd47fc00a2c39e90264f33305004495a9","hash":"c9951680b6f68e971df2efc555f9c10d64e96002"}
,"/srv/www/user-api-fahrlaender/routes/login.js": {"path":"/srv/www/user-api-fahrlaender/routes/login.js","statementMap":{"0":{"start":{"line":6,"column":4},"end":{"line":6,"column":26}},"1":{"start":{"line":7,"column":35},"end":{"line":7,"column":43}},"2":{"start":{"line":9,"column":17},"end":{"line":9,"column":43}},"3":{"start":{"line":11,"column":4},"end":{"line":18,"column":5}},"4":{"start":{"line":12,"column":8},"end":{"line":13,"column":65}},"5":{"start":{"line":15,"column":8},"end":{"line":15,"column":27}},"6":{"start":{"line":17,"column":8},"end":{"line":17,"column":23}},"7":{"start":{"line":19,"column":4},"end":{"line":20,"column":46}},"8":{"start":{"line":19,"column":15},"end":{"line":20,"column":46}},"9":{"start":{"line":22,"column":26},"end":{"line":22,"column":76}},"10":{"start":{"line":23,"column":4},"end":{"line":25,"column":5}},"11":{"start":{"line":24,"column":8},"end":{"line":24,"column":68}},"12":{"start":{"line":26,"column":18},"end":{"line":30,"column":5}},"13":{"start":{"line":32,"column":4},"end":{"line":32,"column":53}}},"fnMap":{"0":{"name":"(anonymous_0)","decl":{"start":{"line":5,"column":15},"end":{"line":5,"column":16}},"loc":{"start":{"line":5,"column":35},"end":{"line":33,"column":1}},"line":5}},"branchMap":{"0":{"loc":{"start":{"line":19,"column":4},"end":{"line":20,"column":46}},"type":"if","locations":[{"start":{"line":19,"column":4},"end":{"line":20,"column":46}},{"start":{},"end":{}}],"line":19},"1":{"loc":{"start":{"line":23,"column":4},"end":{"line":25,"column":5}},"type":"if","locations":[{"start":{"line":23,"column":4},"end":{"line":25,"column":5}},{"start":{},"end":{}}],"line":23}},"s":{"0":0,"1":0,"2":0,"3":0,"4":0,"5":0,"6":0,"7":0,"8":0,"9":0,"10":0,"11":0,"12":0,"13":0},"f":{"0":0},"b":{"0":[0,0],"1":[0,0]},"inputSourceMap":null,"_coverageSchema":"1a1c01bbd47fc00a2c39e90264f33305004495a9","hash":"40eb0d81fe0107418e8a745bb2ff9dcadfaf7434"}
,"/srv/www/user-api-fahrlaender/routes/profile.js": {"path":"/srv/www/user-api-fahrlaender/routes/profile.js","statementMap":{"0":{"start":{"line":4,"column":26},"end":{"line":29,"column":2}},"1":{"start":{"line":5,"column":19},"end":{"line":5,"column":30}},"2":{"start":{"line":7,"column":17},"end":{"line":7,"column":43}},"3":{"start":{"line":9,"column":4},"end":{"line":28,"column":5}},"4":{"start":{"line":10,"column":29},"end":{"line":16,"column":9}},"5":{"start":{"line":17,"column":8},"end":{"line":19,"column":9}},"6":{"start":{"line":18,"column":12},"end":{"line":18,"column":76}},"7":{"start":{"line":21,"column":8},"end":{"line":21,"column":29}},"8":{"start":{"line":24,"column":8},"end":{"line":24,"column":65}},"9":{"start":{"line":25,"column":8},"end":{"line":25,"column":75}},"10":{"start":{"line":27,"column":8},"end":{"line":27,"column":23}},"11":{"start":{"line":31,"column":29},"end":{"line":54,"column":2}},"12":{"start":{"line":32,"column":19},"end":{"line":32,"column":30}},"13":{"start":{"line":33,"column":40},"end":{"line":33,"column":48}},"14":{"start":{"line":35,"column":17},"end":{"line":35,"column":43}},"15":{"start":{"line":37,"column":4},"end":{"line":53,"column":5}},"16":{"start":{"line":38,"column":8},"end":{"line":46,"column":10}},"17":{"start":{"line":47,"column":8},"end":{"line":47,"column":65}},"18":{"start":{"line":49,"column":8},"end":{"line":49,"column":71}},"19":{"start":{"line":50,"column":8},"end":{"line":50,"column":81}},"20":{"start":{"line":52,"column":8},"end":{"line":52,"column":23}}},"fnMap":{"0":{"name":"(anonymous_0)","decl":{"start":{"line":4,"column":43},"end":{"line":4,"column":44}},"loc":{"start":{"line":4,"column":63},"end":{"line":29,"column":1}},"line":4},"1":{"name":"(anonymous_1)","decl":{"start":{"line":31,"column":46},"end":{"line":31,"column":47}},"loc":{"start":{"line":31,"column":66},"end":{"line":54,"column":1}},"line":31}},"branchMap":{"0":{"loc":{"start":{"line":17,"column":8},"end":{"line":19,"column":9}},"type":"if","locations":[{"start":{"line":17,"column":8},"end":{"line":19,"column":9}},{"start":{},"end":{}}],"line":17}},"s":{"0":1,"1":0,"2":0,"3":0,"4":0,"5":0,"6":0,"7":0,"8":0,"9":0,"10":0,"11":1,"12":0,"13":0,"14":0,"15":0,"16":0,"17":0,"18":0,"19":0,"20":0},"f":{"0":0,"1":0},"b":{"0":[0,0]},"inputSourceMap":null,"_coverageSchema":"1a1c01bbd47fc00a2c39e90264f33305004495a9","hash":"cf14cfe532bd2ce387a3245fc89a8a90bac9e8f7"}
,"/srv/www/user-api-fahrlaender/routes/register.js": {"path":"/srv/www/user-api-fahrlaender/routes/register.js","statementMap":{"0":{"start":{"line":6,"column":48},"end":{"line":6,"column":56}},"1":{"start":{"line":8,"column":4},"end":{"line":10,"column":5}},"2":{"start":{"line":9,"column":8},"end":{"line":9,"column":80}},"3":{"start":{"line":12,"column":4},"end":{"line":14,"column":5}},"4":{"start":{"line":13,"column":8},"end":{"line":13,"column":95}},"5":{"start":{"line":17,"column":4},"end":{"line":53,"column":5}},"6":{"start":{"line":18,"column":8},"end":{"line":18,"column":42}},"7":{"start":{"line":20,"column":25},"end":{"line":23,"column":9}},"8":{"start":{"line":25,"column":8},"end":{"line":27,"column":9}},"9":{"start":{"line":26,"column":12},"end":{"line":26,"column":96}},"10":{"start":{"line":29,"column":31},"end":{"line":29,"column":62}},"11":{"start":{"line":31,"column":23},"end":{"line":34,"column":9}},"12":{"start":{"line":36,"column":22},"end":{"line":40,"column":9}},"13":{"start":{"line":42,"column":8},"end":{"line":46,"column":11}},"14":{"start":{"line":49,"column":8},"end":{"line":49,"column":54}},"15":{"start":{"line":50,"column":8},"end":{"line":50,"column":70}},"16":{"start":{"line":52,"column":8},"end":{"line":52,"column":33}},"17":{"start":{"line":52,"column":18},"end":{"line":52,"column":33}}},"fnMap":{"0":{"name":"(anonymous_0)","decl":{"start":{"line":5,"column":15},"end":{"line":5,"column":16}},"loc":{"start":{"line":5,"column":35},"end":{"line":54,"column":1}},"line":5}},"branchMap":{"0":{"loc":{"start":{"line":8,"column":4},"end":{"line":10,"column":5}},"type":"if","locations":[{"start":{"line":8,"column":4},"end":{"line":10,"column":5}},{"start":{},"end":{}}],"line":8},"1":{"loc":{"start":{"line":8,"column":8},"end":{"line":8,"column":49}},"type":"binary-expr","locations":[{"start":{"line":8,"column":8},"end":{"line":8,"column":17}},{"start":{"line":8,"column":21},"end":{"line":8,"column":26}},{"start":{"line":8,"column":30},"end":{"line":8,"column":36}},{"start":{"line":8,"column":40},"end":{"line":8,"column":49}}],"line":8},"2":{"loc":{"start":{"line":12,"column":4},"end":{"line":14,"column":5}},"type":"if","locations":[{"start":{"line":12,"column":4},"end":{"line":14,"column":5}},{"start":{},"end":{}}],"line":12},"3":{"loc":{"start":{"line":25,"column":8},"end":{"line":27,"column":9}},"type":"if","locations":[{"start":{"line":25,"column":8},"end":{"line":27,"column":9}},{"start":{},"end":{}}],"line":25},"4":{"loc":{"start":{"line":52,"column":8},"end":{"line":52,"column":33}},"type":"if","locations":[{"start":{"line":52,"column":8},"end":{"line":52,"column":33}},{"start":{},"end":{}}],"line":52}},"s":{"0":0,"1":0,"2":0,"3":0,"4":0,"5":0,"6":0,"7":0,"8":0,"9":0,"10":0,"11":0,"12":0,"13":0,"14":0,"15":0,"16":0,"17":0},"f":{"0":0},"b":{"0":[0,0],"1":[0,0,0,0],"2":[0,0],"3":[0,0],"4":[0,0]},"inputSourceMap":null,"_coverageSchema":"1a1c01bbd47fc00a2c39e90264f33305004495a9","hash":"43eec345e8fcf6fd8c281e5ddcffbf220eb9598c"}
}
